<?xml version="1.0" encoding="UTF-8"?>
<!-- Generated by org.testng.reporters.JUnitReportReporter -->
<testsuite skipped="0" hostname="DESKTOP-FEPQ0C3" name="kundanprasadacademy.tests.ErrorValidationTest" tests="1" failures="0" timestamp="2022-10-25T13:09:19 IST" time="15.351" errors="0">
  <testcase name="LoginErrorValidation" time="15.351" classname="kundanprasadacademy.tests.ErrorValidationTest"/>
  <system-out/>
</testsuite> <!-- kundanprasadacademy.tests.ErrorValidationTest -->
